<?xml version="1.0" encoding="UTF-8"?>
<!-- Generated by org.testng.reporters.JUnitReportReporter -->
<testsuite name="testcases.Leaftaps" tests="1" time="13.905" ignored="0" failures="0" timestamp="15 Apr 2018 18:42:34 GMT" skipped="0" hostname="VINOTH" errors="0">
  <testcase name="login" time="13.905" classname="testcases.Leaftaps"/>
</testsuite> <!-- testcases.Leaftaps -->
