<?xml version="1.0" encoding="UTF-8"?>
<!-- Generated by org.testng.reporters.JUnitReportReporter -->
<testsuite name="testcases.TC003_CreateLead" tests="2" time="67.554" ignored="0" failures="0" timestamp="21 Apr 2018 04:57:35 GMT" skipped="0" hostname="VINOTH" errors="0">
  <testcase name="createLead" time="24.046" classname="testcases.TC003_CreateLead"/>
  <testcase name="createLead" time="43.508" classname="testcases.TC003_CreateLead"/>
</testsuite> <!-- testcases.TC003_CreateLead -->
