<?xml version="1.0" encoding="UTF-8"?>
<!-- Generated by org.testng.reporters.JUnitReportReporter -->
<testsuite name="testcases.TC004_EditLead" tests="2" time="81.303" ignored="0" failures="0" timestamp="10 Apr 2018 19:09:44 GMT" skipped="0" hostname="VINOTH" errors="0">
  <testcase name="editLead" time="48.932" classname="testcases.TC004_EditLead"/>
  <testcase name="editLead" time="32.371" classname="testcases.TC004_EditLead"/>
</testsuite> <!-- testcases.TC004_EditLead -->
