<?xml version="1.0" encoding="UTF-8"?>
<!-- Generated by org.testng.reporters.JUnitReportReporter -->
<testsuite name="testcases.MyntraSelectGlass_001" tests="1" time="26.213" ignored="0" failures="0" timestamp="01 May 2018 14:59:02 GMT" skipped="0" hostname="VINOTH" errors="0">
  <testcase name="myntraSelectGlass_001" time="26.213" classname="testcases.MyntraSelectGlass_001"/>
</testsuite> <!-- testcases.MyntraSelectGlass_001 -->
