<?xml version="1.0" encoding="UTF-8"?>
<!-- Generated by org.testng.reporters.JUnitReportReporter -->
<testsuite name="testcases.TC006_MergeLead" tests="1" time="76.737" ignored="0" failures="0" timestamp="11 Apr 2018 19:14:06 GMT" skipped="0" hostname="VINOTH" errors="0">
  <testcase name="createLead" time="76.737" classname="testcases.TC006_MergeLead"/>
</testsuite> <!-- testcases.TC006_MergeLead -->
